-------------------------------------------------------------------------------
Test set: abc.les.trips.TripsApplicationTests
-------------------------------------------------------------------------------
Tests run: 1, Failures: 0, Errors: 1, Skipped: 0, Time elapsed: 1.589 s <<< FAILURE! - in abc.les.trips.TripsApplicationTests
contextLoads  Time elapsed: 0.006 s  <<< ERROR!
java.lang.IllegalStateException: Failed to load ApplicationContext
Caused by: org.springframework.beans.factory.UnsatisfiedDependencyException: Error creating bean with name 'tripController' defined in file [C:\Users\lidie\Desktop\trip-routes\tr-server\target\classes\abc\les\trips\controller\TripController.class]: Unsatisfied dependency expressed through constructor parameter 0; nested exception is org.springframework.beans.factory.BeanCreationException: Error creating bean with name 'tripRepository' defined in abc.les.trips.repository.TripRepository defined in @EnableMongoRepositories declared on MongoRepositoriesRegistrar.EnableMongoRepositoriesConfiguration: Invocation of init method failed; nested exception is org.springframework.data.repository.query.QueryCreationException: Could not create query for public abstract void abc.les.trips.repository.TripRepository.addTrip(abc.les.trips.model.Trip)! Reason: No property addTrip found for type Trip!; nested exception is org.springframework.data.mapping.PropertyReferenceException: No property addTrip found for type Trip!
Caused by: org.springframework.beans.factory.BeanCreationException: Error creating bean with name 'tripRepository' defined in abc.les.trips.repository.TripRepository defined in @EnableMongoRepositories declared on MongoRepositoriesRegistrar.EnableMongoRepositoriesConfiguration: Invocation of init method failed; nested exception is org.springframework.data.repository.query.QueryCreationException: Could not create query for public abstract void abc.les.trips.repository.TripRepository.addTrip(abc.les.trips.model.Trip)! Reason: No property addTrip found for type Trip!; nested exception is org.springframework.data.mapping.PropertyReferenceException: No property addTrip found for type Trip!
Caused by: org.springframework.data.repository.query.QueryCreationException: Could not create query for public abstract void abc.les.trips.repository.TripRepository.addTrip(abc.les.trips.model.Trip)! Reason: No property addTrip found for type Trip!; nested exception is org.springframework.data.mapping.PropertyReferenceException: No property addTrip found for type Trip!
Caused by: org.springframework.data.mapping.PropertyReferenceException: No property addTrip found for type Trip!

